Loading cards from catalog...

============================================================
RAW SCRAPE — 15,901 cards | 10 workers
  Sport:     MLB
  Tier:      rookies
  Est. time: ~133 min
============================================================

  Error fetching data: Message: timeout: Timed out receiving message from renderer: -0.013
  (Session info: chrome=145.0.7632.160)
Stacktrace:
Symbols not available. Dumping unresolved backtrace:
	0x12a7dd3
	0x12a7e14
	0x10b1db0
	0x10a2173
	0x10a1ea5
	0x109ffb8
	0x10a0806
	0x10ad65b
	0x10bf38e
	0x10c4df6
	0x10a0e8c
	0x10bf10f
	0x113b531
	0x111e7d6
	0x10f0049
	0x10f0e04
	0x1506924
	0x1501bf7
	0x151f5a0
	0x12c0f58
	0x12c891d
	0x12b0648
	0x12b0812
	0x129a21a
	0x7626fcc9
	0x77a182ae
	0x77a1827e

  Error fetching data: Message: timeout: Timed out receiving message from renderer: 15.000
  (Session info: chrome=145.0.7632.160)
Stacktrace:
Symbols not available. Dumping unresolved backtrace:
	0x12a7dd3
	0x12a7e14
	0x10b1db0
	0x10a2173
	0x10a1ea5
	0x109ffb8
	0x10a0806
	0x10ad65b
	0x10bf38e
	0x10c4df6
	0x10a0e8c
	0x10bf10f
	0x113b531
	0x111e7d6
	0x10f0049
	0x10f0e04
	0x1506924
	0x1501bf7
	0x151f5a0
	0x12c0f58
	0x12c891d
	0x12b0648
	0x12b0812
	0x129a21a
	0x7626fcc9
	0x77a182ae
	0x77a1827e

  Error fetching data: Message: timeout: Timed out receiving message from renderer: 15.000
  (Session info: chrome=145.0.7632.160)
Stacktrace:
Symbols not available. Dumping unresolved backtrace:
	0x12a7dd3
	0x12a7e14
	0x10b1db0
	0x10a10d0
	0x10bec8e
	0x113b531
	0x111e7d6
	0x10f0049
	0x10f0e04
	0x1506924
	0x1501bf7
	0x151f5a0
	0x12c0f58
	0x12c891d
	0x12b0648
	0x12b0812
	0x129a21a
	0x7626fcc9
	0x77a182ae
	0x77a1827e

  Error fetching data: Message: timeout: Timed out receiving message from renderer: 14.554
  (Session info: chrome=145.0.7632.160)
Stacktrace:
Symbols not available. Dumping unresolved backtrace:
	0x12a7dd3
	0x12a7e14
	0x10b1db0
	0x10a2173
	0x10a1ea5
	0x109ffb8
	0x10a0806
	0x10ad65b
	0x10bf38e
	0x10c4df6
	0x10a0e8c
	0x10bf10f
	0x113b941
	0x111e7d6
	0x10f0049
	0x10f0e04
	0x1506924
	0x1501bf7
	0x151f5a0
	0x12c0f58
	0x12c891d
	0x12b0648
	0x12b0812
	0x129a21a
	0x7626fcc9
	0x77a182ae
	0x77a1827e

  Error fetching data: Message: timeout: Timed out receiving message from renderer: 14.455
  (Session info: chrome=145.0.7632.160)
Stacktrace:
Symbols not available. Dumping unresolved backtrace:
	0x12a7dd3
	0x12a7e14
	0x10b1db0
	0x10a2173
	0x10a1ea5
	0x109ffb8
	0x10a0806
	0x10ad65b
	0x10bf38e
	0x10c4df6
	0x10a0e8c
	0x10bf10f
	0x10beeaa
	0x113b941
	0x111e7d6
	0x10f0049
	0x10f0e04
	0x1506924
	0x1501bf7
	0x151f5a0
	0x12c0f58
	0x12c891d
	0x12b0648
	0x12b0812
	0x129a21a
	0x7626fcc9
	0x77a182ae
	0x77a1827e

  Error fetching data: Message: timeout: Timed out receiving message from renderer: 15.000
  (Session info: chrome=145.0.7632.160)
Stacktrace:
Symbols not available. Dumping unresolved backtrace:
	0x12a7dd3
	0x12a7e14
	0x10b1db0
	0x10a2173
	0x10a1ea5
	0x109ffb8
	0x10a0806
	0x10ad65b
	0x10bf38e
	0x10c4df6
	0x10a0e8c
	0x10bf10f
	0x113b531
	0x111e7d6
	0x10f0049
	0x10f0e04
	0x1506924
	0x1501bf7
	0x151f5a0
	0x12c0f58
	0x12c891d
	0x12b0648
	0x12b0812
	0x129a21a
	0x7626fcc9
	0x77a182ae
	0x77a1827e

  Error fetching data: ('Connection aborted.', ConnectionResetError(10054, 'An existing connection was forcibly closed by the remote host', None, 10054, None))
  Error fetching data: Message: invalid session id; For documentation on this error, please visit: https://www.selenium.dev/documentation/webdriver/troubleshooting/errors#invalidsessionidexception
Stacktrace:
Symbols not available. Dumping unresolved backtrace:
	0x12a7dd3
	0x12a7e14
	0x10b1bee
	0x10ef2d5
	0x111e8f6
	0x111a491
	0x1119ab2
	0x108500e
	0x10855ae
	0x1085a8d
	0x1506924
	0x1501bf7
	0x151f5a0
	0x12c0f58
	0x12c891d
	0x1084c69
	0x10842b0
	0x166876f
	0x7626fcc9
	0x77a182ae
	0x77a1827e

  Error fetching data: Message: invalid session id; For documentation on this error, please visit: https://www.selenium.dev/documentation/webdriver/troubleshooting/errors#invalidsessionidexception
Stacktrace:
Symbols not available. Dumping unresolved backtrace:
	0x12a7dd3
	0x12a7e14
	0x10b1bee
	0x10ef2d5
	0x111e8f6
	0x111a491
	0x1119ab2
	0x108500e
	0x10855ae
	0x1085a8d
	0x1506924
	0x1501bf7
	0x151f5a0
	0x12c0f58
	0x12c891d
	0x1084c69
	0x10842b0
	0x166876f
	0x7626fcc9
	0x77a182ae
	0x77a1827e

